<?xml version="1.0" encoding="UTF-8"?>
<!-- Generated by org.testng.reporters.JUnitReportReporter -->
<testsuite hostname="DESKTOP-MKNCP1I" failures="0" tests="1" name="simple.maven.demo.SeleniumhqDownloadGetTitle" time="33.255" errors="0" timestamp="26 Apr 2019 06:29:50 GMT" skipped="0">
  <testcase classname="simple.maven.demo.SeleniumhqDownloadGetTitle" name="getTitlel" time="33.255"/>
</testsuite> <!-- simple.maven.demo.SeleniumhqDownloadGetTitle -->
