<?xml version="1.0" encoding="UTF-8"?>
<!-- Generated by org.testng.reporters.JUnitReportReporter -->
<testsuite hostname="DESKTOP-MKNCP1I" failures="0" tests="1" name="simple.maven.demo.SeleniumhqDownloadGetTitle" time="17.052" errors="0" timestamp="26 Apr 2019 06:32:12 GMT" skipped="0">
  <testcase classname="simple.maven.demo.SeleniumhqDownloadGetTitle" name="getTitlel" time="17.052"/>
</testsuite> <!-- simple.maven.demo.SeleniumhqDownloadGetTitle -->
