<?xml version="1.0" encoding="UTF-8"?>
<!-- Generated by org.testng.reporters.JUnitReportReporter -->
<testsuite hostname="DESKTOP-MKNCP1I" failures="0" tests="1" name="simple.maven.demo.SeleniumhqDownloadGetTitle" time="67.868" errors="0" timestamp="15 May 2019 12:28:05 GMT" skipped="0">
  <testcase classname="simple.maven.demo.SeleniumhqDownloadGetTitle" name="getTitlel" time="67.868"/>
</testsuite> <!-- simple.maven.demo.SeleniumhqDownloadGetTitle -->
